<?xml version="1.0" encoding="UTF-8"?>
<!-- Generated by org.testng.reporters.JUnitXMLReporter -->
<testsuite hostname="Simran-PC" ignored="0" name="TC001_LoginTest_1_4" tests="4" failures="0" timestamp="16 Jan 2019 18:39:47 GMT" time="49.441" errors="0">
  <testcase name="loginTest1_WrongPassword" time="2.959" classname="com.test.TestUI.UI.TC001_LoginTest1_WrongPassword"/>
  <testcase name="loginTest2_WrongEmailId" time="1.599" classname="com.test.TestUI.UI.TC002_LoginTest2_WrongEmailId"/>
  <testcase name="loginTest3_WrongEmailId_Password" time="1.453" classname="com.test.TestUI.UI.TC003_LoginTest3_WrongEmailId_Password"/>
  <testcase name="loginTest4_LoginSuccess" time="0.951" classname="com.test.TestUI.UI.TC004_LoginTest4_LoginSuccess"/>
</testsuite> <!-- TC001_LoginTest_1_4 -->
